<?xml version="1.0" encoding="UTF-8"?>
<!-- Generated by org.testng.reporters.JUnitReportReporter -->
<testsuite skipped="0" hostname="DESKTOP-9HF640C" name="com.inteBanking.testCases.TC_LoginTest_001" tests="1" failures="0" timestamp="2022-10-15T11:57:12 CDT" time="5.029" errors="0">
  <testcase name="VerifyLogin" time="5.029" classname="com.inteBanking.testCases.TC_LoginTest_001"/>
  <system-out/>
</testsuite> <!-- com.inteBanking.testCases.TC_LoginTest_001 -->
