<?xml version="1.0" encoding="UTF-8"?>
<!-- Generated by org.testng.reporters.JUnitReportReporter -->
<testsuite skipped="0" hostname="DESKTOP-9HF640C" name="com.inteBanking.testCases.TC_LoginTest_001" tests="1" failures="0" timestamp="2022-10-16T03:42:15 CDT" time="4.770" errors="0">
  <testcase name="VerifyLogin" time="4.770" classname="com.inteBanking.testCases.TC_LoginTest_001"/>
  <system-out/>
</testsuite> <!-- com.inteBanking.testCases.TC_LoginTest_001 -->
